The Dart VM service is listening on http://127.0.0.1:64707/izAcrnFRprI=/
The Dart DevTools debugger and profiler is available at: http://127.0.0.1:64707/izAcrnFRprI=/devtools/?uri=ws://127.0.0.1:64707/izAcrnFRprI=/ws
[custom_lint] 2025-03-01T18:38:39.473205 /Users/chandrakumar/.pub-cache/hosted/pub.dev/custom_lint_core-0.5.14/lib/src/node_lint_visitor.g.dart:92:41: Error: Type 'AugmentationImportDirective' not found.
[custom_lint] 2025-03-01T18:38:39.473205   void visitAugmentationImportDirective(AugmentationImportDirective node) {
[custom_lint] 2025-03-01T18:38:39.473205                                         ^^^^^^^^^^^^^^^^^^^^^^^^^^^
[custom_lint] 2025-03-01T18:38:39.473205 /Users/chandrakumar/.pub-cache/hosted/pub.dev/custom_lint_core-0.5.14/lib/src/node_lint_visitor.g.dart:662:42: Error: Type 'LibraryAugmentationDirective' not found.
[custom_lint] 2025-03-01T18:38:39.473205   void visitLibraryAugmentationDirective(LibraryAugmentationDirective node) {
[custom_lint] 2025-03-01T18:38:39.473205                                          ^^^^^^^^^^^^^^^^^^^^^^^^^^^^
[custom_lint] 2025-03-01T18:38:39.473205 /Users/chandrakumar/.pub-cache/hosted/pub.dev/custom_lint_core-0.5.14/lib/src/node_lint_visitor.g.dart:1318:28: Error: Type 'AugmentationImportDirective' not found.
[custom_lint] 2025-03-01T18:38:39.473205   final List<_Subscription<AugmentationImportDirective>>
[custom_lint] 2025-03-01T18:38:39.473205                            ^^^^^^^^^^^^^^^^^^^^^^^^^^^
[custom_lint] 2025-03-01T18:38:39.473205 /Users/chandrakumar/.pub-cache/hosted/pub.dev/custom_lint_core-0.5.14/lib/src/node_lint_visitor.g.dart:1960:28: Error: Type 'LibraryAugmentationDirective' not found.
[custom_lint] 2025-03-01T18:38:39.473205   final List<_Subscription<LibraryAugmentationDirective>>
[custom_lint] 2025-03-01T18:38:39.473205                            ^^^^^^^^^^^^^^^^^^^^^^^^^^^^
[custom_lint] 2025-03-01T18:38:39.473205 /Users/chandrakumar/.pub-cache/hosted/pub.dev/custom_lint_core-0.5.14/lib/src/node_lint_visitor.g.dart:1321:33: Error: Type 'AugmentationImportDirective' not found.
[custom_lint] 2025-03-01T18:38:39.473205       String key, void Function(AugmentationImportDirective node) listener) {
[custom_lint] 2025-03-01T18:38:39.473205                                 ^^^^^^^^^^^^^^^^^^^^^^^^^^^
[custom_lint] 2025-03-01T18:38:39.473205 /Users/chandrakumar/.pub-cache/hosted/pub.dev/custom_lint_core-0.5.14/lib/src/node_lint_visitor.g.dart:1963:33: Error: Type 'LibraryAugmentationDirective' not found.
[custom_lint] 2025-03-01T18:38:39.473205       String key, void Function(LibraryAugmentationDirective node) listener) {
[custom_lint] 2025-03-01T18:38:39.473205                                 ^^^^^^^^^^^^^^^^^^^^^^^^^^^^
[custom_lint] 2025-03-01T18:38:39.473205 /Users/chandrakumar/.pub-cache/hosted/pub.dev/custom_lint_core-0.5.14/lib/src/node_lint_visitor.g.dart:2653:21: Error: Type 'AugmentationImportDirective' not found.
[custom_lint] 2025-03-01T18:38:39.473205       void Function(AugmentationImportDirective node) listener) {
[custom_lint] 2025-03-01T18:38:39.473205                     ^^^^^^^^^^^^^^^^^^^^^^^^^^^
[custom_lint] 2025-03-01T18:38:39.473205 /Users/chandrakumar/.pub-cache/hosted/pub.dev/custom_lint_core-0.5.14/lib/src/node_lint_visitor.g.dart:3164:21: Error: Type 'LibraryAugmentationDirective' not found.
[custom_lint] 2025-03-01T18:38:39.473205       void Function(LibraryAugmentationDirective node) listener) {
[custom_lint] 2025-03-01T18:38:39.473205                     ^^^^^^^^^^^^^^^^^^^^^^^^^^^^
[custom_lint] 2025-03-01T18:38:39.473205 /Users/chandrakumar/.pub-cache/hosted/pub.dev/custom_lint_builder-0.5.14/lib/src/client.dart:45:1: Error: 'LintCode' is imported from both 'package:analyzer/src/dart/error/lint_codes.dart' and 'package:custom_lint_core/src/lint_codes.dart'.
[custom_lint] 2025-03-01T18:38:39.473205 import '../custom_lint_builder.dart';
[custom_lint] 2025-03-01T18:38:39.473205 ^^^^^^^^
[custom_lint] 2025-03-01T18:38:39.473205 /Users/chandrakumar/.pub-cache/hosted/pub.dev/custom_lint_core-0.5.14/lib/src/lint_rule.dart:11:1: Error: 'LintCode' is imported from both 'package:analyzer/src/dart/error/lint_codes.dart' and 'package:custom_lint_core/src/lint_codes.dart'.
[custom_lint] 2025-03-01T18:38:39.473205 import '../custom_lint_core.dart';
[custom_lint] 2025-03-01T18:38:39.473205 ^^^^^^^^
[custom_lint] 2025-03-01T18:38:39.473205 /Users/chandrakumar/.pub-cache/hosted/pub.dev/riverpod_lint-2.3.8/lib/src/lints/async_value_nullable_pattern.dart:14:24: Error: 'LintCode' is imported from both 'package:analyzer/src/dart/error/lint_codes.dart' and 'package:custom_lint_core/src/lint_codes.dart'.
[custom_lint] 2025-03-01T18:38:39.473205   static const _code = LintCode(
[custom_lint] 2025-03-01T18:38:39.473205                        ^^^^^^^^
[custom_lint] 2025-03-01T18:38:39.473205 /Users/chandrakumar/.pub-cache/hosted/pub.dev/riverpod_lint-2.3.8/lib/src/lints/avoid_build_context_in_providers.dart:16:24: Error: 'LintCode' is imported from both 'package:analyzer/src/dart/error/lint_codes.dart' and 'package:custom_lint_core/src/lint_codes.dart'.
[custom_lint] 2025-03-01T18:38:39.473205   static const _code = LintCode(
[custom_lint] 2025-03-01T18:38:39.473205                        ^^^^^^^^
[custom_lint] 2025-03-01T18:38:39.473205 /Users/chandrakumar/.pub-cache/hosted/pub.dev/riverpod_lint-2.3.8/lib/src/lints/functional_ref.dart:12:24: Error: 'LintCode' is imported from both 'package:analyzer/src/dart/error/lint_codes.dart' and 'package:custom_lint_core/src/lint_codes.dart'.
[custom_lint] 2025-03-01T18:38:39.473205   static const _code = LintCode(
[custom_lint] 2025-03-01T18:38:39.473205                        ^^^^^^^^
[custom_lint] 2025-03-01T18:38:39.473205 /Users/chandrakumar/.pub-cache/hosted/pub.dev/riverpod_lint-2.3.8/lib/src/lints/missing_provider_scope.dart:14:24: Error: 'LintCode' is imported from both 'package:analyzer/src/dart/error/lint_codes.dart' and 'package:custom_lint_core/src/lint_codes.dart'.
[custom_lint] 2025-03-01T18:38:39.473205   static const _code = LintCode(
[custom_lint] 2025-03-01T18:38:39.473205                        ^^^^^^^^
[custom_lint] 2025-03-01T18:38:39.473205 /Users/chandrakumar/.pub-cache/hosted/pub.dev/riverpod_lint-2.3.8/lib/src/lints/notifier_build.dart:14:24: Error: 'LintCode' is imported from both 'package:analyzer/src/dart/error/lint_codes.dart' and 'package:custom_lint_core/src/lint_codes.dart'.
[custom_lint] 2025-03-01T18:38:39.473205   static const _code = LintCode(
[custom_lint] 2025-03-01T18:38:39.473205                        ^^^^^^^^
[custom_lint] 2025-03-01T18:38:39.473205 /Users/chandrakumar/.pub-cache/hosted/pub.dev/riverpod_lint-2.3.8/lib/src/lints/notifier_extends.dart:15:24: Error: 'LintCode' is imported from both 'package:analyzer/src/dart/error/lint_codes.dart' and 'package:custom_lint_core/src/lint_codes.dart'.
[custom_lint] 2025-03-01T18:38:39.473205   static const _code = LintCode(
[custom_lint] 2025-03-01T18:38:39.473205                        ^^^^^^^^
[custom_lint] 2025-03-01T18:38:39.473205 /Users/chandrakumar/.pub-cache/hosted/pub.dev/riverpod_lint-2.3.8/lib/src/lints/provider_dependencies.dart:67:24: Error: 'LintCode' is imported from both 'package:analyzer/src/dart/error/lint_codes.dart' and 'package:custom_lint_core/src/lint_codes.dart'.
[custom_lint] 2025-03-01T18:38:39.473205   static const _code = LintCode(
[custom_lint] 2025-03-01T18:38:39.473205                        ^^^^^^^^
[custom_lint] 2025-03-01T18:38:39.473205 /Users/chandrakumar/.pub-cache/hosted/pub.dev/custom_lint_builder-0.5.14/lib/src/expect_lint.dart:16:24: Error: 'LintCode' is imported from both 'package:analyzer/src/dart/error/lint_codes.dart' and 'package:custom_lint_core/src/lint_codes.dart'.
[custom_lint] 2025-03-01T18:38:39.473205   static const _code = LintCode(
[custom_lint] 2025-03-01T18:38:39.473205                        ^^^^^^^^
[custom_lint] 2025-03-01T18:38:39.473205 /Users/chandrakumar/.pub-cache/hosted/pub.dev/custom_lint_builder-0.5.14/lib/src/client.dart:961:18: Error: 'LintCode' is imported from both 'package:analyzer/src/dart/error/lint_codes.dart' and 'package:custom_lint_core/src/lint_codes.dart'.
[custom_lint] 2025-03-01T18:38:39.473205     const code = LintCode(
[custom_lint] 2025-03-01T18:38:39.473205                  ^^^^^^^^
[custom_lint] 2025-03-01T18:38:39.473205 /Users/chandrakumar/.pub-cache/hosted/pub.dev/custom_lint_core-0.5.14/lib/src/node_lint_visitor.g.dart:92:41: Error: 'AugmentationImportDirective' isn't a type.
[custom_lint] 2025-03-01T18:38:39.473205   void visitAugmentationImportDirective(AugmentationImportDirective node) {
[custom_lint] 2025-03-01T18:38:39.473205                                         ^^^^^^^^^^^^^^^^^^^^^^^^^^^
[custom_lint] 2025-03-01T18:38:39.473205 /Users/chandrakumar/.pub-cache/hosted/pub.dev/custom_lint_core-0.5.14/lib/src/node_lint_visitor.g.dart:94:11: Error: Superclass has no method named 'visitAugmentationImportDirective'.
[custom_lint] 2025-03-01T18:38:39.473205     super.visitAugmentationImportDirective(node);
[custom_lint] 2025-03-01T18:38:39.473205           ^^^^^^^^^^^^^^^^^^^^^^^^^^^^^^^^
[custom_lint] 2025-03-01T18:38:39.473205 /Users/chandrakumar/.pub-cache/hosted/pub.dev/custom_lint_core-0.5.14/lib/src/node_lint_visitor.g.dart:662:42: Error: 'LibraryAugmentationDirective' isn't a type.
[custom_lint] 2025-03-01T18:38:39.473205   void visitLibraryAugmentationDirective(LibraryAugmentationDirective node) {
[custom_lint] 2025-03-01T18:38:39.473205                                          ^^^^^^^^^^^^^^^^^^^^^^^^^^^^
[custom_lint] 2025-03-01T18:38:39.473205 /Users/chandrakumar/.pub-cache/hosted/pub.dev/custom_lint_core-0.5.14/lib/src/node_lint_visitor.g.dart:664:11: Error: Superclass has no method named 'visitLibraryAugmentationDirective'.
[custom_lint] 2025-03-01T18:38:39.473205     super.visitLibraryAugmentationDirective(node);
[custom_lint] 2025-03-01T18:38:39.473205           ^^^^^^^^^^^^^^^^^^^^^^^^^^^^^^^^^
[custom_lint] 2025-03-01T18:38:39.473205 /Users/chandrakumar/.pub-cache/hosted/pub.dev/custom_lint_core-0.5.14/lib/src/node_lint_visitor.g.dart:1318:28: Error: 'AugmentationImportDirective' isn't a type.
[custom_lint] 2025-03-01T18:38:39.473205   final List<_Subscription<AugmentationImportDirective>>
[custom_lint] 2025-03-01T18:38:39.473205                            ^^^^^^^^^^^^^^^^^^^^^^^^^^^
[custom_lint] 2025-03-01T18:38:39.473205 /Users/chandrakumar/.pub-cache/hosted/pub.dev/custom_lint_core-0.5.14/lib/src/node_lint_visitor.g.dart:1321:33: Error: 'AugmentationImportDirective' isn't a type.
[custom_lint] 2025-03-01T18:38:39.473205       String key, void Function(AugmentationImportDirective node) listener) {
[custom_lint] 2025-03-01T18:38:39.473205                                 ^^^^^^^^^^^^^^^^^^^^^^^^^^^
[custom_lint] 2025-03-01T18:38:39.473205 /Users/chandrakumar/.pub-cache/hosted/pub.dev/custom_lint_core-0.5.14/lib/src/node_lint_visitor.g.dart:1960:28: Error: 'LibraryAugmentationDirective' isn't a type.
[custom_lint] 2025-03-01T18:38:39.473205   final List<_Subscription<LibraryAugmentationDirective>>
[custom_lint] 2025-03-01T18:38:39.473205                            ^^^^^^^^^^^^^^^^^^^^^^^^^^^^
[custom_lint] 2025-03-01T18:38:39.473205 /Users/chandrakumar/.pub-cache/hosted/pub.dev/custom_lint_core-0.5.14/lib/src/node_lint_visitor.g.dart:1963:33: Error: 'LibraryAugmentationDirective' isn't a type.
[custom_lint] 2025-03-01T18:38:39.473205       String key, void Function(LibraryAugmentationDirective node) listener) {
[custom_lint] 2025-03-01T18:38:39.473205                                 ^^^^^^^^^^^^^^^^^^^^^^^^^^^^
[custom_lint] 2025-03-01T18:38:39.473205 /Users/chandrakumar/.pub-cache/hosted/pub.dev/custom_lint_core-0.5.14/lib/src/node_lint_visitor.g.dart:2653:21: Error: 'AugmentationImportDirective' isn't a type.
[custom_lint] 2025-03-01T18:38:39.473205       void Function(AugmentationImportDirective node) listener) {
[custom_lint] 2025-03-01T18:38:39.473205                     ^^^^^^^^^^^^^^^^^^^^^^^^^^^
[custom_lint] 2025-03-01T18:38:39.473205 /Users/chandrakumar/.pub-cache/hosted/pub.dev/custom_lint_core-0.5.14/lib/src/node_lint_visitor.g.dart:3164:21: Error: 'LibraryAugmentationDirective' isn't a type.
[custom_lint] 2025-03-01T18:38:39.473205       void Function(LibraryAugmentationDirective node) listener) {
[custom_lint] 2025-03-01T18:38:39.473205                     ^^^^^^^^^^^^^^^^^^^^^^^^^^^^
[custom_lint] 2025-03-01T18:38:39.473205
[custom_lint] 2025-03-01T18:38:39.473205
Failed to start pluginsThe request analysis.setContextRoots failed with the following error:
RequestErrorCode.PLUGIN_ERROR
Bad state: Failed to start the plugins.
at:
#0      SocketCustomLintServerToClientChannel._checkInitializationFail.<anonymous closure> (package:custom_lint/src/v2/server_to_client_channel.dart:231:11)
<asynchronous suspension>
#1      Future.any.onValue (dart:async/future.dart:623:5)
<asynchronous suspension>

